<?xml version="1.0" encoding="UTF-8"?>
<!-- Generated by org.testng.reporters.JUnitReportReporter -->
<testsuite hostname="DESKTOP-IVFQ3C9" failures="0" tests="10" name="APITests" time="8.636" errors="0" timestamp="2024-02-18T13:01:12 BDT" skipped="0">
  <testcase classname="APITests" name="ResetNID2" time="0.051"/>
  <testcase classname="APITests" name="signUp" time="2.189"/>
  <testcase classname="APITests" name="szNID_z_back_Pic" time="0.915"/>
  <testcase classname="APITests" name="ResetNID" time="1.100"/>
  <testcase classname="APITests" name="szz_confirm_NID" time="0.212"/>
  <testcase classname="APITests" name="szz_pz_login" time="0.652"/>
  <testcase classname="APITests" name="szNID_front_Pic" time="1.480"/>
  <testcase classname="APITests" name="szz_face_pic" time="1.008"/>
  <testcase classname="APITests" name="szz_pin_set" time="0.351"/>
  <testcase classname="APITests" name="szz_pzz_MFS_bkash" time="0.678"/>
</testsuite> <!-- APITests -->
